0 info it worked if it ends with ok
1 verbose cli [ '/usr/bin/node',
1 verbose cli   '/usr/bin/npm',
1 verbose cli   'install',
1 verbose cli   '–-save',
1 verbose cli   '@ionic-native/core@latest' ]
2 info using npm@3.10.10
3 info using node@v6.14.3
4 error arg Argument starts with non-ascii dash, this is probably invalid: [ '–-save', '@ionic-native/core@latest' ]
5 silly loadCurrentTree Starting
6 silly install loadCurrentTree
7 silly install readLocalPackageData
8 silly fetchPackageMetaData –-save
9 silly fetchPackageMetaData @ionic-native/core@latest
10 silly fetchOtherPackageData –-save
11 silly cache add args [ '–-save', null ]
12 verbose cache add spec –-save
13 silly fetchNamedPackageData @ionic-native/core
14 silly mapToRegistry name @ionic-native/core
15 silly mapToRegistry scope (from package name) @ionic-native
16 verbose mapToRegistry no registry URL found in name for scope @ionic-native
17 silly mapToRegistry using default registry
18 silly mapToRegistry registry https://registry.npmjs.org/
19 silly mapToRegistry data Result {
19 silly mapToRegistry   raw: '@ionic-native/core',
19 silly mapToRegistry   scope: '@ionic-native',
19 silly mapToRegistry   escapedName: '@ionic-native%2fcore',
19 silly mapToRegistry   name: '@ionic-native/core',
19 silly mapToRegistry   rawSpec: '',
19 silly mapToRegistry   spec: 'latest',
19 silly mapToRegistry   type: 'tag' }
20 silly mapToRegistry uri https://registry.npmjs.org/@ionic-native%2fcore
21 silly cache add parsed spec Result {
21 silly cache add   raw: '–-save',
21 silly cache add   scope: null,
21 silly cache add   escapedName: null,
21 silly cache add   name: null,
21 silly cache add   rawSpec: '–-save',
21 silly cache add   spec: '/home/creates11/SANJAY/Ionic/auth/auth/–-save',
21 silly cache add   type: 'local' }
22 error addLocal Could not install /home/creates11/SANJAY/Ionic/auth/auth/–-save
23 silly fetchPackageMetaData Error: ENOENT: no such file or directory, open '/home/creates11/SANJAY/Ionic/auth/auth/–-save'
23 silly fetchPackageMetaData     at Error (native)
23 silly fetchPackageMetaData  error for –-save { Error: ENOENT: no such file or directory, open '/home/creates11/SANJAY/Ionic/auth/auth/–-save'
23 silly fetchPackageMetaData     at Error (native)
23 silly fetchPackageMetaData   errno: -2,
23 silly fetchPackageMetaData   code: 'ENOENT',
23 silly fetchPackageMetaData   syscall: 'open',
23 silly fetchPackageMetaData   path: '/home/creates11/SANJAY/Ionic/auth/auth/–-save' }
24 verbose request uri https://registry.npmjs.org/@ionic-native%2fcore
25 verbose request no auth needed
26 info attempt registry request try #1 at 5:10:30 PM
27 verbose request id 5ed5c90365b5e5ae
28 verbose etag W/"a43141c47886d0fdef385e42762195c1"
29 verbose lastModified Thu, 14 Jun 2018 19:32:14 GMT
30 http request GET https://registry.npmjs.org/@ionic-native%2fcore
31 info retry will retry, error on last attempt: TypeError: The header content contains invalid characters
32 info attempt registry request try #2 at 5:10:40 PM
33 verbose etag W/"a43141c47886d0fdef385e42762195c1"
34 verbose lastModified Thu, 14 Jun 2018 19:32:14 GMT
35 http request GET https://registry.npmjs.org/@ionic-native%2fcore
36 info retry will retry, error on last attempt: TypeError: The header content contains invalid characters
37 info attempt registry request try #3 at 5:11:40 PM
38 verbose etag W/"a43141c47886d0fdef385e42762195c1"
39 verbose lastModified Thu, 14 Jun 2018 19:32:14 GMT
40 http request GET https://registry.npmjs.org/@ionic-native%2fcore
41 silly get cb [ 304, undefined ]
42 verbose etag https://registry.npmjs.org/@ionic-native%2fcore from cache
43 verbose get saving @ionic-native/core to /home/creates11/.npm/registry.npmjs.org/_40ionic-native_252fcore/.cache.json
44 verbose correctMkdir /home/creates11/.npm correctMkdir not in flight; initializing
45 silly rollbackFailedOptional Starting
46 silly rollbackFailedOptional Finishing
47 silly runTopLevelLifecycles Finishing
48 silly install printInstalled
49 verbose stack Error: ENOENT: no such file or directory, open '/home/creates11/SANJAY/Ionic/auth/auth/–-save'
49 verbose stack     at Error (native)
50 verbose cwd /home/creates11/SANJAY/Ionic/auth/auth
51 error Linux 4.4.0-128-generic
52 error argv "/usr/bin/node" "/usr/bin/npm" "install" "–-save" "@ionic-native/core@latest"
53 error node v6.14.3
54 error npm  v3.10.10
55 error path /home/creates11/SANJAY/Ionic/auth/auth/–-save
56 error code ENOENT
57 error errno -2
58 error syscall open
59 error enoent ENOENT: no such file or directory, open '/home/creates11/SANJAY/Ionic/auth/auth/–-save'
60 error enoent ENOENT: no such file or directory, open '/home/creates11/SANJAY/Ionic/auth/auth/–-save'
60 error enoent This is most likely not a problem with npm itself
60 error enoent and is related to npm not being able to find a file.
61 verbose exit [ -2, true ]
